<?xml version="1.0" encoding="UTF-8"?>
<!-- Generated by org.testng.reporters.JUnitXMLReporter -->
<testsuite hostname="HCHPH0119LP5894" name="Default test" tests="3" failures="0" timestamp="15 May 2020 09:50:08 GMT" time="43.522" errors="0">
  <testcase name="loginPageTest" time="10.47" classname="com.start.testcases.StartLoginPageTest"/>
  <testcase name="authentication" time="11.603" classname="com.start.testcases.StartLoginPageTest"/>
  <testcase name="startDashboard" time="10.128" classname="com.start.testcases.StartLoginPageTest"/>
</testsuite> <!-- Default test -->
