<?xml version="1.0" encoding="UTF-8"?>
<testng-results skipped="0" failed="0" total="3" passed="3">
  <reporter-output>
  </reporter-output>
  <suite name="Default suite" duration-ms="43522" started-at="2020-05-15T09:49:24Z" finished-at="2020-05-15T09:50:08Z">
    <groups>
    </groups>
    <test name="Default test" duration-ms="43522" started-at="2020-05-15T09:49:24Z" finished-at="2020-05-15T09:50:08Z">
      <class name="com.start.testcases.StartLoginPageTest">
        <test-method status="PASS" signature="setup()[pri:0, instance:com.start.testcases.StartLoginPageTest@cb5822]" name="setup" is-config="true" duration-ms="10580" started-at="2020-05-15T15:19:24Z" finished-at="2020-05-15T15:19:35Z">
          <reporter-output>
          </reporter-output>
        </test-method> <!-- setup -->
        <test-method status="PASS" signature="loginPageTest()[pri:0, instance:com.start.testcases.StartLoginPageTest@cb5822]" name="loginPageTest" duration-ms="10470" started-at="2020-05-15T15:19:35Z" finished-at="2020-05-15T15:19:45Z">
          <reporter-output>
          </reporter-output>
        </test-method> <!-- loginPageTest -->
        <test-method status="PASS" signature="authentication()[pri:0, instance:com.start.testcases.StartLoginPageTest@cb5822]" name="authentication" duration-ms="11603" started-at="2020-05-15T15:19:45Z" finished-at="2020-05-15T15:19:57Z">
          <reporter-output>
          </reporter-output>
        </test-method> <!-- authentication -->
        <test-method status="PASS" signature="startDashboard()[pri:0, instance:com.start.testcases.StartLoginPageTest@cb5822]" name="startDashboard" duration-ms="10128" started-at="2020-05-15T15:19:57Z" finished-at="2020-05-15T15:20:07Z">
          <reporter-output>
          </reporter-output>
        </test-method> <!-- startDashboard -->
        <test-method status="PASS" signature="teardown()[pri:0, instance:com.start.testcases.StartLoginPageTest@cb5822]" name="teardown" is-config="true" duration-ms="723" started-at="2020-05-15T15:20:07Z" finished-at="2020-05-15T15:20:08Z">
          <reporter-output>
          </reporter-output>
        </test-method> <!-- teardown -->
      </class> <!-- com.start.testcases.StartLoginPageTest -->
    </test> <!-- Default test -->
  </suite> <!-- Default suite -->
</testng-results>
