<?xml version="1.0" encoding="UTF-8"?>
<!-- Generated by org.testng.reporters.JUnitXMLReporter -->
<testsuite hostname="HCHPH0119LP5894" ignored="0" name="Smoke" tests="3" failures="0" timestamp="15 Apr 2020 13:10:09 GMT" time="46.795" errors="0">
  <testcase name="loginPageTest" time="10.526" classname="com.impl.testcases.StartLoginPageTest"/>
  <testcase name="authentication" time="11.917" classname="com.impl.testcases.StartLoginPageTest"/>
  <testcase name="startDashboard" time="11.277" classname="com.impl.testcases.StartLoginPageTest"/>
</testsuite> <!-- Smoke -->
